{"/Users/menil/Study/NamasteReact/src/components/Contact.jsx": {"path":"/Users/menil/Study/NamasteReact/src/components/Contact.jsx","statementMap":{"0":{"start":{"line":15,"column":19},"end":{"line":28,"column":1}},"1":{"start":{"line":16,"column":2},"end":{"line":27,"column":8}},"2":{"start":{"line":30,"column":21},"end":{"line":45,"column":1}},"3":{"start":{"line":31,"column":2},"end":{"line":44,"column":8}},"4":{"start":{"line":47,"column":20},"end":{"line":60,"column":1}},"5":{"start":{"line":48,"column":2},"end":{"line":59,"column":8}},"6":{"start":{"line":62,"column":22},"end":{"line":77,"column":1}},"7":{"start":{"line":63,"column":2},"end":{"line":76,"column":8}},"8":{"start":{"line":79,"column":21},"end":{"line":92,"column":1}},"9":{"start":{"line":80,"column":2},"end":{"line":91,"column":8}},"10":{"start":{"line":94,"column":13},"end":{"line":111,"column":1}},"11":{"start":{"line":113,"column":16},"end":{"line":455,"column":1}},"12":{"start":{"line":114,"column":34},"end":{"line":119,"column":4}},"13":{"start":{"line":120,"column":36},"end":{"line":120,"column":51}},"14":{"start":{"line":121,"column":21},"end":{"line":121,"column":33}},"15":{"start":{"line":122,"column":23},"end":{"line":122,"column":40}},"16":{"start":{"line":124,"column":2},"end":{"line":130,"column":9}},"17":{"start":{"line":125,"column":4},"end":{"line":129,"column":6}},"18":{"start":{"line":126,"column":6},"end":{"line":128,"column":7}},"19":{"start":{"line":127,"column":8},"end":{"line":127,"column":41}},"20":{"start":{"line":132,"column":2},"end":{"line":147,"column":3}},"21":{"start":{"line":133,"column":4},"end":{"line":146,"column":6}},"22":{"start":{"line":149,"column":23},"end":{"line":155,"column":3}},"23":{"start":{"line":150,"column":28},"end":{"line":150,"column":36}},"24":{"start":{"line":151,"column":4},"end":{"line":154,"column":8}},"25":{"start":{"line":151,"column":27},"end":{"line":154,"column":5}},"26":{"start":{"line":157,"column":23},"end":{"line":168,"column":3}},"27":{"start":{"line":158,"column":4},"end":{"line":158,"column":23}},"28":{"start":{"line":160,"column":4},"end":{"line":160,"column":45}},"29":{"start":{"line":161,"column":4},"end":{"line":161,"column":23}},"30":{"start":{"line":164,"column":4},"end":{"line":167,"column":13}},"31":{"start":{"line":165,"column":6},"end":{"line":165,"column":26}},"32":{"start":{"line":166,"column":6},"end":{"line":166,"column":69}},"33":{"start":{"line":170,"column":2},"end":{"line":454,"column":4}},"34":{"start":{"line":211,"column":20},"end":{"line":211,"column":77}},"35":{"start":{"line":211,"column":44},"end":{"line":211,"column":77}},"36":{"start":{"line":212,"column":20},"end":{"line":212,"column":40}},"37":{"start":{"line":213,"column":20},"end":{"line":218,"column":23}},"38":{"start":{"line":440,"column":14},"end":{"line":448,"column":20}}},"fnMap":{"0":{"name":"(anonymous_0)","decl":{"start":{"line":15,"column":19},"end":{"line":15,"column":20}},"loc":{"start":{"line":16,"column":2},"end":{"line":27,"column":8}},"line":16},"1":{"name":"(anonymous_1)","decl":{"start":{"line":30,"column":21},"end":{"line":30,"column":22}},"loc":{"start":{"line":31,"column":2},"end":{"line":44,"column":8}},"line":31},"2":{"name":"(anonymous_2)","decl":{"start":{"line":47,"column":20},"end":{"line":47,"column":21}},"loc":{"start":{"line":48,"column":2},"end":{"line":59,"column":8}},"line":48},"3":{"name":"(anonymous_3)","decl":{"start":{"line":62,"column":22},"end":{"line":62,"column":23}},"loc":{"start":{"line":63,"column":2},"end":{"line":76,"column":8}},"line":63},"4":{"name":"(anonymous_4)","decl":{"start":{"line":79,"column":21},"end":{"line":79,"column":22}},"loc":{"start":{"line":80,"column":2},"end":{"line":91,"column":8}},"line":80},"5":{"name":"(anonymous_5)","decl":{"start":{"line":113,"column":16},"end":{"line":113,"column":17}},"loc":{"start":{"line":113,"column":22},"end":{"line":455,"column":1}},"line":113},"6":{"name":"(anonymous_6)","decl":{"start":{"line":124,"column":12},"end":{"line":124,"column":13}},"loc":{"start":{"line":124,"column":18},"end":{"line":130,"column":3}},"line":124},"7":{"name":"(anonymous_7)","decl":{"start":{"line":125,"column":11},"end":{"line":125,"column":12}},"loc":{"start":{"line":125,"column":17},"end":{"line":129,"column":5}},"line":125},"8":{"name":"(anonymous_8)","decl":{"start":{"line":149,"column":23},"end":{"line":149,"column":24}},"loc":{"start":{"line":149,"column":30},"end":{"line":155,"column":3}},"line":149},"9":{"name":"(anonymous_9)","decl":{"start":{"line":151,"column":16},"end":{"line":151,"column":17}},"loc":{"start":{"line":151,"column":27},"end":{"line":154,"column":5}},"line":151},"10":{"name":"(anonymous_10)","decl":{"start":{"line":157,"column":23},"end":{"line":157,"column":24}},"loc":{"start":{"line":157,"column":30},"end":{"line":168,"column":3}},"line":157},"11":{"name":"(anonymous_11)","decl":{"start":{"line":164,"column":36},"end":{"line":164,"column":37}},"loc":{"start":{"line":164,"column":42},"end":{"line":167,"column":5}},"line":164},"12":{"name":"(anonymous_12)","decl":{"start":{"line":210,"column":27},"end":{"line":210,"column":28}},"loc":{"start":{"line":210,"column":33},"end":{"line":219,"column":19}},"line":210},"13":{"name":"(anonymous_13)","decl":{"start":{"line":439,"column":22},"end":{"line":439,"column":23}},"loc":{"start":{"line":440,"column":14},"end":{"line":448,"column":20}},"line":440}},"branchMap":{"0":{"loc":{"start":{"line":15,"column":22},"end":{"line":15,"column":31}},"type":"default-arg","locations":[{"start":{"line":15,"column":29},"end":{"line":15,"column":31}}],"line":15},"1":{"loc":{"start":{"line":30,"column":24},"end":{"line":30,"column":33}},"type":"default-arg","locations":[{"start":{"line":30,"column":31},"end":{"line":30,"column":33}}],"line":30},"2":{"loc":{"start":{"line":47,"column":23},"end":{"line":47,"column":32}},"type":"default-arg","locations":[{"start":{"line":47,"column":30},"end":{"line":47,"column":32}}],"line":47},"3":{"loc":{"start":{"line":62,"column":25},"end":{"line":62,"column":34}},"type":"default-arg","locations":[{"start":{"line":62,"column":32},"end":{"line":62,"column":34}}],"line":62},"4":{"loc":{"start":{"line":79,"column":24},"end":{"line":79,"column":33}},"type":"default-arg","locations":[{"start":{"line":79,"column":31},"end":{"line":79,"column":33}}],"line":79},"5":{"loc":{"start":{"line":126,"column":6},"end":{"line":128,"column":7}},"type":"if","locations":[{"start":{"line":126,"column":6},"end":{"line":128,"column":7}},{"start":{},"end":{}}],"line":126},"6":{"loc":{"start":{"line":132,"column":2},"end":{"line":147,"column":3}},"type":"if","locations":[{"start":{"line":132,"column":2},"end":{"line":147,"column":3}},{"start":{},"end":{}}],"line":132},"7":{"loc":{"start":{"line":195,"column":13},"end":{"line":314,"column":13}},"type":"cond-expr","locations":[{"start":{"line":196,"column":14},"end":{"line":224,"column":20}},{"start":{"line":226,"column":14},"end":{"line":313,"column":21}}],"line":195},"8":{"loc":{"start":{"line":211,"column":20},"end":{"line":211,"column":77}},"type":"if","locations":[{"start":{"line":211,"column":20},"end":{"line":211,"column":77}},{"start":{},"end":{}}],"line":211}},"s":{"0":1,"1":1,"2":1,"3":1,"4":1,"5":1,"6":1,"7":1,"8":1,"9":1,"10":1,"11":1,"12":1,"13":1,"14":1,"15":1,"16":1,"17":1,"18":1,"19":0,"20":1,"21":0,"22":1,"23":0,"24":0,"25":0,"26":1,"27":0,"28":0,"29":0,"30":0,"31":0,"32":0,"33":1,"34":0,"35":0,"36":0,"37":0,"38":4},"f":{"0":1,"1":1,"2":1,"3":1,"4":1,"5":1,"6":1,"7":1,"8":0,"9":0,"10":0,"11":0,"12":0,"13":4},"b":{"0":[0],"1":[0],"2":[0],"3":[0],"4":[0],"5":[0,1],"6":[0,1],"7":[0,1],"8":[0,0]},"_coverageSchema":"1a1c01bbd47fc00a2c39e90264f33305004495a9","hash":"07fdf552d6e30f802a0755c2f12e1669fda08479"}
,"/Users/menil/Study/NamasteReact/src/components/sub.js": {"path":"/Users/menil/Study/NamasteReact/src/components/sub.js","statementMap":{"0":{"start":{"line":1,"column":19},"end":{"line":3,"column":1}},"1":{"start":{"line":2,"column":2},"end":{"line":2,"column":15}}},"fnMap":{"0":{"name":"(anonymous_0)","decl":{"start":{"line":1,"column":19},"end":{"line":1,"column":20}},"loc":{"start":{"line":1,"column":29},"end":{"line":3,"column":1}},"line":1}},"branchMap":{},"s":{"0":2,"1":3},"f":{"0":3},"b":{},"_coverageSchema":"1a1c01bbd47fc00a2c39e90264f33305004495a9","hash":"23f7222460daaed5fbee1cd7eb937284a1b8928e"}
,"/Users/menil/Study/NamasteReact/src/components/sum.js": {"path":"/Users/menil/Study/NamasteReact/src/components/sum.js","statementMap":{"0":{"start":{"line":1,"column":19},"end":{"line":3,"column":1}},"1":{"start":{"line":2,"column":2},"end":{"line":2,"column":15}}},"fnMap":{"0":{"name":"(anonymous_0)","decl":{"start":{"line":1,"column":19},"end":{"line":1,"column":20}},"loc":{"start":{"line":1,"column":29},"end":{"line":3,"column":1}},"line":1}},"branchMap":{},"s":{"0":1,"1":2},"f":{"0":2},"b":{},"_coverageSchema":"1a1c01bbd47fc00a2c39e90264f33305004495a9","hash":"1d8b1a185240e8182a1dac751e926ccc4cdc6a7f"}
,"/Users/menil/Study/NamasteReact/src/utils/useOnlineStatue.js": {"path":"/Users/menil/Study/NamasteReact/src/utils/useOnlineStatue.js","statementMap":{"0":{"start":{"line":3,"column":24},"end":{"line":24,"column":1}},"1":{"start":{"line":5,"column":42},"end":{"line":5,"column":56}},"2":{"start":{"line":6,"column":2},"end":{"line":22,"column":5}},"3":{"start":{"line":7,"column":4},"end":{"line":13,"column":6}},"4":{"start":{"line":10,"column":8},"end":{"line":10,"column":31}},"5":{"start":{"line":15,"column":4},"end":{"line":21,"column":6}},"6":{"start":{"line":18,"column":8},"end":{"line":18,"column":30}},"7":{"start":{"line":23,"column":2},"end":{"line":23,"column":22}}},"fnMap":{"0":{"name":"(anonymous_0)","decl":{"start":{"line":3,"column":24},"end":{"line":3,"column":25}},"loc":{"start":{"line":3,"column":30},"end":{"line":24,"column":1}},"line":3},"1":{"name":"(anonymous_1)","decl":{"start":{"line":6,"column":12},"end":{"line":6,"column":13}},"loc":{"start":{"line":6,"column":18},"end":{"line":22,"column":3}},"line":6},"2":{"name":"(anonymous_2)","decl":{"start":{"line":9,"column":6},"end":{"line":9,"column":7}},"loc":{"start":{"line":9,"column":12},"end":{"line":11,"column":7}},"line":9},"3":{"name":"(anonymous_3)","decl":{"start":{"line":17,"column":6},"end":{"line":17,"column":7}},"loc":{"start":{"line":17,"column":12},"end":{"line":19,"column":7}},"line":17}},"branchMap":{},"s":{"0":1,"1":1,"2":1,"3":1,"4":0,"5":1,"6":0,"7":1},"f":{"0":1,"1":1,"2":0,"3":0},"b":{},"_coverageSchema":"1a1c01bbd47fc00a2c39e90264f33305004495a9","hash":"272dd70c6777092ca4894528c687df3735475929"}
}
