TN:
SF:src/components/Contact.jsx
FN:15,(anonymous_0)
FN:30,(anonymous_1)
FN:47,(anonymous_2)
FN:62,(anonymous_3)
FN:79,(anonymous_4)
FN:113,(anonymous_5)
FN:124,(anonymous_6)
FN:125,(anonymous_7)
FN:149,(anonymous_8)
FN:151,(anonymous_9)
FN:157,(anonymous_10)
FN:164,(anonymous_11)
FN:210,(anonymous_12)
FN:439,(anonymous_13)
FNF:14
FNH:9
FNDA:1,(anonymous_0)
FNDA:1,(anonymous_1)
FNDA:1,(anonymous_2)
FNDA:1,(anonymous_3)
FNDA:1,(anonymous_4)
FNDA:1,(anonymous_5)
FNDA:1,(anonymous_6)
FNDA:1,(anonymous_7)
FNDA:0,(anonymous_8)
FNDA:0,(anonymous_9)
FNDA:0,(anonymous_10)
FNDA:0,(anonymous_11)
FNDA:0,(anonymous_12)
FNDA:4,(anonymous_13)
DA:15,1
DA:16,1
DA:30,1
DA:31,1
DA:47,1
DA:48,1
DA:62,1
DA:63,1
DA:79,1
DA:80,1
DA:94,1
DA:113,1
DA:114,1
DA:120,1
DA:121,1
DA:122,1
DA:124,1
DA:125,1
DA:126,1
DA:127,0
DA:132,1
DA:133,0
DA:149,1
DA:150,0
DA:151,0
DA:157,1
DA:158,0
DA:160,0
DA:161,0
DA:164,0
DA:165,0
DA:166,0
DA:170,1
DA:211,0
DA:212,0
DA:213,0
DA:440,4
LF:37
LH:24
BRDA:15,0,0,0
BRDA:30,1,0,0
BRDA:47,2,0,0
BRDA:62,3,0,0
BRDA:79,4,0,0
BRDA:126,5,0,0
BRDA:126,5,1,1
BRDA:132,6,0,0
BRDA:132,6,1,1
BRDA:195,7,0,0
BRDA:195,7,1,1
BRDA:211,8,0,0
BRDA:211,8,1,0
BRF:13
BRH:3
end_of_record
TN:
SF:src/components/sub.js
FN:1,(anonymous_0)
FNF:1
FNH:1
FNDA:3,(anonymous_0)
DA:1,2
DA:2,3
LF:2
LH:2
BRF:0
BRH:0
end_of_record
TN:
SF:src/components/sum.js
FN:1,(anonymous_0)
FNF:1
FNH:1
FNDA:2,(anonymous_0)
DA:1,1
DA:2,2
LF:2
LH:2
BRF:0
BRH:0
end_of_record
TN:
SF:src/utils/useOnlineStatue.js
FN:3,(anonymous_0)
FN:6,(anonymous_1)
FN:9,(anonymous_2)
FN:17,(anonymous_3)
FNF:4
FNH:2
FNDA:1,(anonymous_0)
FNDA:1,(anonymous_1)
FNDA:0,(anonymous_2)
FNDA:0,(anonymous_3)
DA:3,1
DA:5,1
DA:6,1
DA:7,1
DA:10,0
DA:15,1
DA:18,0
DA:23,1
LF:8
LH:6
BRF:0
BRH:0
end_of_record
